<?xml version="1.0" encoding="UTF-8"?>
<!-- Generated by org.testng.reporters.JUnitReportReporter -->
<testsuite hostname="DESKTOP-9A1I333" failures="0" tests="2" name="testCases.TC_004_MyAccountCases" time="6.086" errors="0" timestamp="2024-09-08T21:27:05 IST" skipped="0">
  <testcase classname="testCases.TC_004_MyAccountCases" name="verify_Change_PASSWORD" time="3.073"/>
  <testcase classname="testCases.TC_004_MyAccountCases" name="verify_Edit_Account_Info" time="3.013"/>
</testsuite> <!-- testCases.TC_004_MyAccountCases -->
