<?xml version="1.0" encoding="UTF-8"?>
<!-- Generated by org.testng.reporters.JUnitReportReporter -->
<testsuite hostname="DESKTOP-9A1I333" failures="0" tests="3" name="testCases.TC_003_LoginDDT" time="25.393" errors="0" timestamp="2024-09-07T18:22:37 IST" skipped="0">
  <testcase classname="testCases.TC_003_LoginDDT" name="verify_LoginData" time="11.073"/>
  <testcase classname="testCases.TC_003_LoginDDT" name="verify_LoginData" time="11.461"/>
  <testcase classname="testCases.TC_003_LoginDDT" name="verify_LoginData" time="2.859"/>
</testsuite> <!-- testCases.TC_003_LoginDDT -->
