<?xml version="1.0" encoding="UTF-8"?>
<!-- Generated by org.testng.reporters.JUnitReportReporter -->
<testsuite hostname="DESKTOP-9A1I333" failures="0" tests="3" name="testCases.TC_003_LoginDDT" time="25.386" errors="0" timestamp="2024-09-08T19:02:50 IST" skipped="0">
  <testcase classname="testCases.TC_003_LoginDDT" name="verify_LoginData" time="11.674"/>
  <testcase classname="testCases.TC_003_LoginDDT" name="verify_LoginData" time="11.265"/>
  <testcase classname="testCases.TC_003_LoginDDT" name="verify_LoginData" time="2.447"/>
</testsuite> <!-- testCases.TC_003_LoginDDT -->
