<?xml version="1.0" encoding="UTF-8"?>
<!-- Generated by org.testng.reporters.JUnitReportReporter -->
<testsuite hostname="DESKTOP-9A1I333" failures="0" tests="1" name="testCases.TC_002_LoginPage" time="5.823" errors="0" timestamp="2024-09-07T10:53:07 IST" skipped="0">
  <testcase classname="testCases.TC_002_LoginPage" name="verifyLoginPage" time="5.823"/>
</testsuite> <!-- testCases.TC_002_LoginPage -->
