<?xml version="1.0" encoding="UTF-8"?>
<!-- Generated by org.testng.reporters.JUnitReportReporter -->
<testsuite hostname="DESKTOP-9A1I333" failures="0" tests="1" name="testCases.TC001_AccountRegistrationTest" time="5.037" errors="0" timestamp="2024-09-07T10:45:42 IST" skipped="0">
  <testcase classname="testCases.TC001_AccountRegistrationTest" name="verify_Account_Registration" time="5.037"/>
</testsuite> <!-- testCases.TC001_AccountRegistrationTest -->
