<?xml version="1.0" encoding="UTF-8"?>
<!-- Generated by org.testng.reporters.JUnitReportReporter -->
<testsuite hostname="DESKTOP-9A1I333" failures="0" tests="3" name="testCases.TC_003_LoginDDT" time="27.051" errors="0" timestamp="2024-09-07T12:07:24 IST" skipped="0">
  <testcase classname="testCases.TC_003_LoginDDT" name="verify_LoginData" time="11.418"/>
  <testcase classname="testCases.TC_003_LoginDDT" name="verify_LoginData" time="11.851"/>
  <testcase classname="testCases.TC_003_LoginDDT" name="verify_LoginData" time="3.782"/>
</testsuite> <!-- testCases.TC_003_LoginDDT -->
