<?xml version="1.0" encoding="UTF-8"?>
<!-- Generated by org.testng.reporters.JUnitReportReporter -->
<testsuite hostname="DESKTOP-9A1I333" failures="0" tests="1" name="testCases.TC_002_LoginPage" time="1.670" errors="0" timestamp="2024-09-08T08:08:56 IST" skipped="0">
  <testcase classname="testCases.TC_002_LoginPage" name="verifyLoginPage" time="1.670"/>
</testsuite> <!-- testCases.TC_002_LoginPage -->
