<?xml version="1.0" encoding="UTF-8"?>
<!-- Generated by org.testng.reporters.JUnitReportReporter -->
<testsuite hostname="DESKTOP-9A1I333" failures="0" tests="3" name="testCases.TC_003_LoginDDT" time="25.500" errors="0" timestamp="2024-09-08T08:08:56 IST" skipped="0">
  <testcase classname="testCases.TC_003_LoginDDT" name="verify_LoginData" time="2.544"/>
  <testcase classname="testCases.TC_003_LoginDDT" name="verify_LoginData" time="11.430"/>
  <testcase classname="testCases.TC_003_LoginDDT" name="verify_LoginData" time="11.526"/>
</testsuite> <!-- testCases.TC_003_LoginDDT -->
